0 info it worked if it ends with ok
1 verbose cli [ '/Users/FroehlingGallier/.nvm/versions/node/v5.0.0/bin/node',
1 verbose cli   '/Users/FroehlingGallier/.nvm/versions/node/v5.0.0/bin/npm',
1 verbose cli   'start' ]
2 info using npm@3.3.6
3 info using node@v5.0.0
4 verbose stack Error: ENOENT: no such file or directory, open '/Mia/School/UPenn/School 2016-2017/CIS 550/parm_tech/package.json'
4 verbose stack     at Error (native)
5 verbose cwd /Mia/School/UPenn/School 2016-2017/CIS 550/parm_tech
6 error Darwin 15.6.0
7 error argv "/Users/FroehlingGallier/.nvm/versions/node/v5.0.0/bin/node" "/Users/FroehlingGallier/.nvm/versions/node/v5.0.0/bin/npm" "start"
8 error node v5.0.0
9 error npm  v3.3.6
10 error path /Mia/School/UPenn/School 2016-2017/CIS 550/parm_tech/package.json
11 error code ENOENT
12 error errno -2
13 error syscall open
14 error enoent ENOENT: no such file or directory, open '/Mia/School/UPenn/School 2016-2017/CIS 550/parm_tech/package.json'
14 error enoent This is most likely not a problem with npm itself
14 error enoent and is related to npm not being able to find a file.
15 verbose exit [ -2, true ]
