0 info it worked if it ends with ok
1 verbose cli [ '/Users/racheldianachan/.nvm/versions/node/v6.5.0/bin/node',
1 verbose cli   '/Users/racheldianachan/.nvm/versions/node/v6.5.0/bin/npm',
1 verbose cli   'start' ]
2 info using npm@4.0.2
3 info using node@v6.5.0
4 verbose run-script [ 'prestart', 'start', 'poststart' ]
5 info lifecycle CIS550FinalProject@1.0.0~prestart: CIS550FinalProject@1.0.0
6 silly lifecycle CIS550FinalProject@1.0.0~prestart: no script for prestart, continuing
7 info lifecycle CIS550FinalProject@1.0.0~start: CIS550FinalProject@1.0.0
8 verbose lifecycle CIS550FinalProject@1.0.0~start: unsafe-perm in lifecycle true
9 verbose lifecycle CIS550FinalProject@1.0.0~start: PATH: /Users/racheldianachan/.nvm/versions/node/v6.5.0/lib/node_modules/npm/bin/node-gyp-bin:/Users/racheldianachan/Documents/CIS 450/parm_tech/web/node_modules/.bin:/usr/local/mysql/bin:/opt/local/bin:/opt/local/sbin:/Users/racheldianachan/.nvm/versions/node/v6.5.0/bin:/Library/Frameworks/Python.framework/Versions/3.4/bin:/usr/local/bin:/usr/bin:/bin:/usr/sbin:/sbin:/opt/X11/bin
10 verbose lifecycle CIS550FinalProject@1.0.0~start: CWD: /Users/racheldianachan/Documents/CIS 450/parm_tech/web
11 silly lifecycle CIS550FinalProject@1.0.0~start: Args: [ '-c', 'node ./bin/run-server' ]
12 silly lifecycle CIS550FinalProject@1.0.0~start: Returned: code: 1  signal: null
13 info lifecycle CIS550FinalProject@1.0.0~start: Failed to exec start script
14 verbose stack Error: CIS550FinalProject@1.0.0 start: `node ./bin/run-server`
14 verbose stack Exit status 1
14 verbose stack     at EventEmitter.<anonymous> (/Users/racheldianachan/.nvm/versions/node/v6.5.0/lib/node_modules/npm/lib/utils/lifecycle.js:279:16)
14 verbose stack     at emitTwo (events.js:106:13)
14 verbose stack     at EventEmitter.emit (events.js:191:7)
14 verbose stack     at ChildProcess.<anonymous> (/Users/racheldianachan/.nvm/versions/node/v6.5.0/lib/node_modules/npm/lib/utils/spawn.js:40:14)
14 verbose stack     at emitTwo (events.js:106:13)
14 verbose stack     at ChildProcess.emit (events.js:191:7)
14 verbose stack     at maybeClose (internal/child_process.js:877:16)
14 verbose stack     at Process.ChildProcess._handle.onexit (internal/child_process.js:226:5)
15 verbose pkgid CIS550FinalProject@1.0.0
16 verbose cwd /Users/racheldianachan/Documents/CIS 450/parm_tech/web/views
17 error Darwin 15.6.0
18 error argv "/Users/racheldianachan/.nvm/versions/node/v6.5.0/bin/node" "/Users/racheldianachan/.nvm/versions/node/v6.5.0/bin/npm" "start"
19 error node v6.5.0
20 error npm  v4.0.2
21 error code ELIFECYCLE
22 error CIS550FinalProject@1.0.0 start: `node ./bin/run-server`
22 error Exit status 1
23 error Failed at the CIS550FinalProject@1.0.0 start script 'node ./bin/run-server'.
23 error Make sure you have the latest version of node.js and npm installed.
23 error If you do, this is most likely a problem with the CIS550FinalProject package,
23 error not with npm itself.
23 error Tell the author that this fails on your system:
23 error     node ./bin/run-server
23 error You can get information on how to open an issue for this project with:
23 error     npm bugs CIS550FinalProject
23 error Or if that isn't available, you can get their info via:
23 error     npm owner ls CIS550FinalProject
23 error There is likely additional logging output above.
24 verbose exit [ 1, true ]
